2023-04-02 22:27:20.797079 - Initialized conversion of CBT184
2023-04-02 22:27:21.049425 - Received CBT.V504.FILE184.PDS from FILE184.XMI 
2023-04-02 22:27:21.052240 - Found $$$#DATE.txt (text/plain) in CBT.V504.FILE184.PDS, moved to PDS/$$$#DATE
2023-04-02 22:27:21.053946 - Found $$README.txt (text/plain) in CBT.V504.FILE184.PDS, moved to PDS/$$README
2023-04-02 22:27:21.055440 - Found #BROWSE.txt (text/plain) in CBT.V504.FILE184.PDS, moved to PDS/#BROWSE
2023-04-02 22:27:21.056492 - Found #DPRTMAJ.txt (text/plain) in CBT.V504.FILE184.PDS, moved to PDS/#DPRTMAJ
2023-04-02 22:27:21.057884 - Found #DPRTMIN.txt (text/plain) in CBT.V504.FILE184.PDS, moved to PDS/#DPRTMIN
2023-04-02 22:27:21.058996 - Found #DUMPTYP.txt (text/plain) in CBT.V504.FILE184.PDS, moved to PDS/#DUMPTYP
2023-04-02 22:27:21.060053 - Found #IPCSBGN.txt (text/plain) in CBT.V504.FILE184.PDS, moved to PDS/#IPCSBGN
2023-04-02 22:27:21.061039 - Found #IPCSCUR.txt (text/plain) in CBT.V504.FILE184.PDS, moved to PDS/#IPCSCUR
2023-04-02 22:27:21.061944 - Found #IPCSDDR.txt (text/plain) in CBT.V504.FILE184.PDS, moved to PDS/#IPCSDDR
2023-04-02 22:27:21.062923 - Found #IPCSFUL.txt (text/plain) in CBT.V504.FILE184.PDS, moved to PDS/#IPCSFUL
2023-04-02 22:27:21.063883 - Found #IPCSSAD.txt (text/plain) in CBT.V504.FILE184.PDS, moved to PDS/#IPCSSAD
2023-04-02 22:27:21.064805 - Found #IPCSTRM.txt (text/plain) in CBT.V504.FILE184.PDS, moved to PDS/#IPCSTRM
2023-04-02 22:27:21.065734 - Found #UTILITY.txt (text/plain) in CBT.V504.FILE184.PDS, moved to PDS/#UTILITY
2023-04-02 22:27:21.066634 - Found @BROWSE.rexx (text/plain) in CBT.V504.FILE184.PDS, moved to PDS/@BROWSE
2023-04-02 22:27:21.067664 - Found @DPRTMAJ.rexx (text/plain) in CBT.V504.FILE184.PDS, moved to PDS/@DPRTMAJ
2023-04-02 22:27:21.068664 - Found @DPRTMIN.rexx (text/plain) in CBT.V504.FILE184.PDS, moved to PDS/@DPRTMIN
2023-04-02 22:27:21.069656 - Found @DUMPTYP.rexx (text/plain) in CBT.V504.FILE184.PDS, moved to PDS/@DUMPTYP
2023-04-02 22:27:21.070714 - Found @EDIT.rexx (text/plain) in CBT.V504.FILE184.PDS, moved to PDS/@EDIT
2023-04-02 22:27:21.071688 - Found @FILE184.txt (text/plain) in CBT.V504.FILE184.PDS, moved to PDS/@FILE184
2023-04-02 22:27:21.072664 - Found @IPCSBGN.rexx (text/plain) in CBT.V504.FILE184.PDS, moved to PDS/@IPCSBGN
2023-04-02 22:27:21.075059 - Found @IPCSCUR.rexx (text/plain) in CBT.V504.FILE184.PDS, moved to PDS/@IPCSCUR
2023-04-02 22:27:21.076605 - Found @IPCSDDR.txt (text/plain) in CBT.V504.FILE184.PDS, moved to PDS/@IPCSDDR
2023-04-02 22:27:21.077847 - Found @IPCSFUL.rexx (text/plain) in CBT.V504.FILE184.PDS, moved to PDS/@IPCSFUL
2023-04-02 22:27:21.078957 - Found @IPCSSAD.rexx (text/plain) in CBT.V504.FILE184.PDS, moved to PDS/@IPCSSAD
2023-04-02 22:27:21.080352 - Found @IPCSTRM.rexx (text/plain) in CBT.V504.FILE184.PDS, moved to PDS/@IPCSTRM
2023-04-02 22:27:21.081487 - Found @UTILITY.rexx (text/plain) in CBT.V504.FILE184.PDS, moved to PDS/@UTILITY
2023-04-02 22:27:21.082545 - Found IPCS1ART.txt (text/plain) in CBT.V504.FILE184.PDS, moved to PDS/IPCS1ART
2023-04-02 22:27:21.083542 - Found IPCS2ART.txt (text/plain) in CBT.V504.FILE184.PDS, moved to PDS/IPCS2ART
2023-04-02 22:27:21.084624 - Found IPCS3ART.txt (text/plain) in CBT.V504.FILE184.PDS, moved to PDS/IPCS3ART
2023-04-02 22:27:21.085659 - Found IPCS4ART.txt (text/plain) in CBT.V504.FILE184.PDS, moved to PDS/IPCS4ART
